Started GET "/news/1" for ::1 at 2022-12-06 23:19:23 +0100
Processing by NewsController#show as */*
  Parameters: {"id"=>"1"}
Completed 200 OK in 5ms (Views: 0.1ms | ActiveRecord: 0.0ms | Allocations: 2920)


Started GET "/news/1" for ::1 at 2022-12-06 23:19:23 +0100
Processing by NewsController#show as */*
  Parameters: {"id"=>"1"}
Completed 200 OK in 0ms (Views: 0.1ms | ActiveRecord: 0.0ms | Allocations: 127)


Started GET "/news/1" for ::1 at 2022-12-06 23:20:12 +0100
Processing by NewsController#show as */*
  Parameters: {"id"=>"1"}
Completed 200 OK in 0ms (Views: 0.1ms | ActiveRecord: 0.0ms | Allocations: 123)


Started GET "/news/1" for ::1 at 2022-12-06 23:20:12 +0100
Processing by NewsController#show as */*
  Parameters: {"id"=>"1"}
Completed 200 OK in 0ms (Views: 0.1ms | ActiveRecord: 0.0ms | Allocations: 117)


Started GET "/news/1" for ::1 at 2022-12-06 23:20:15 +0100
Processing by NewsController#show as */*
  Parameters: {"id"=>"1"}
Completed 200 OK in 0ms (Views: 0.2ms | ActiveRecord: 0.0ms | Allocations: 119)


Started GET "/news/1" for ::1 at 2022-12-06 23:20:15 +0100
Processing by NewsController#show as */*
  Parameters: {"id"=>"1"}
Completed 200 OK in 0ms (Views: 0.1ms | ActiveRecord: 0.0ms | Allocations: 117)


Started GET "/news/1" for ::1 at 2022-12-06 23:20:29 +0100
Processing by NewsController#show as */*
  Parameters: {"id"=>"1"}
Completed 200 OK in 0ms (Views: 0.1ms | ActiveRecord: 0.0ms | Allocations: 119)


Started GET "/news/1" for ::1 at 2022-12-06 23:20:29 +0100
Processing by NewsController#show as */*
  Parameters: {"id"=>"1"}
Completed 200 OK in 0ms (Views: 0.1ms | ActiveRecord: 0.0ms | Allocations: 117)


Started GET "/news/1" for ::1 at 2022-12-06 23:21:10 +0100
Processing by NewsController#show as */*
  Parameters: {"id"=>"1"}
Completed 200 OK in 0ms (Views: 0.1ms | ActiveRecord: 0.0ms | Allocations: 119)


Started GET "/news/1" for ::1 at 2022-12-06 23:21:10 +0100
Processing by NewsController#show as */*
  Parameters: {"id"=>"1"}
Completed 200 OK in 0ms (Views: 0.1ms | ActiveRecord: 0.0ms | Allocations: 117)


Started GET "/news/1" for ::1 at 2022-12-06 23:21:15 +0100
Processing by NewsController#show as */*
  Parameters: {"id"=>"1"}
Completed 200 OK in 0ms (Views: 0.1ms | ActiveRecord: 0.0ms | Allocations: 117)


Started GET "/news/1" for ::1 at 2022-12-06 23:21:15 +0100
Processing by NewsController#show as */*
  Parameters: {"id"=>"1"}
Completed 200 OK in 0ms (Views: 0.1ms | ActiveRecord: 0.0ms | Allocations: 117)


Started GET "/news/1" for ::1 at 2022-12-06 23:23:09 +0100
Processing by NewsController#show as */*
  Parameters: {"id"=>"1"}
Completed 200 OK in 0ms (Views: 0.1ms | ActiveRecord: 0.0ms | Allocations: 117)


Started GET "/news/1" for ::1 at 2022-12-06 23:23:09 +0100
Processing by NewsController#show as */*
  Parameters: {"id"=>"1"}
Completed 200 OK in 0ms (Views: 0.1ms | ActiveRecord: 0.0ms | Allocations: 117)


Started GET "/news/1" for ::1 at 2022-12-06 23:23:12 +0100
Processing by NewsController#show as */*
  Parameters: {"id"=>"1"}
Completed 200 OK in 0ms (Views: 0.2ms | ActiveRecord: 0.0ms | Allocations: 117)


Started GET "/news/1" for ::1 at 2022-12-06 23:23:12 +0100
Processing by NewsController#show as */*
  Parameters: {"id"=>"1"}
Completed 200 OK in 0ms (Views: 0.1ms | ActiveRecord: 0.0ms | Allocations: 117)


Started GET "/news/1" for ::1 at 2022-12-06 23:23:50 +0100
Processing by NewsController#show as */*
  Parameters: {"id"=>"1"}
Completed 200 OK in 0ms (Views: 0.1ms | ActiveRecord: 0.0ms | Allocations: 117)


Started GET "/news/1" for ::1 at 2022-12-06 23:23:50 +0100
Processing by NewsController#show as */*
  Parameters: {"id"=>"1"}
Completed 200 OK in 0ms (Views: 0.1ms | ActiveRecord: 0.0ms | Allocations: 117)


Started GET "/news/1" for ::1 at 2022-12-06 23:25:18 +0100
Processing by NewsController#show as */*
  Parameters: {"id"=>"1"}
Completed 200 OK in 0ms (Views: 0.1ms | ActiveRecord: 0.0ms | Allocations: 117)


Started GET "/news/1" for ::1 at 2022-12-06 23:25:18 +0100
Processing by NewsController#show as */*
  Parameters: {"id"=>"1"}
Completed 200 OK in 0ms (Views: 0.1ms | ActiveRecord: 0.0ms | Allocations: 117)


Started GET "/news/1" for ::1 at 2022-12-06 23:25:27 +0100
Processing by NewsController#show as */*
  Parameters: {"id"=>"1"}
Completed 200 OK in 0ms (Views: 0.1ms | Allocations: 114)


Started GET "/news/1" for ::1 at 2022-12-06 23:25:27 +0100
Processing by NewsController#show as */*
  Parameters: {"id"=>"1"}
Completed 200 OK in 0ms (Views: 0.1ms | Allocations: 114)


Started GET "/news/1" for ::1 at 2022-12-06 23:25:43 +0100
Processing by NewsController#show as */*
  Parameters: {"id"=>"1"}
Completed 200 OK in 0ms (Views: 0.1ms | Allocations: 114)


Started GET "/news/1" for ::1 at 2022-12-06 23:25:43 +0100
Processing by NewsController#show as */*
  Parameters: {"id"=>"1"}
Completed 200 OK in 0ms (Views: 0.1ms | Allocations: 114)


Started GET "/news/1" for ::1 at 2022-12-06 23:25:48 +0100
Processing by NewsController#show as */*
  Parameters: {"id"=>"1"}
Completed 200 OK in 0ms (Views: 0.1ms | Allocations: 114)


Started GET "/news/1" for ::1 at 2022-12-06 23:25:48 +0100
Processing by NewsController#show as */*
  Parameters: {"id"=>"1"}
Completed 200 OK in 0ms (Views: 0.1ms | Allocations: 114)


Started GET "/news/1" for ::1 at 2022-12-06 23:27:40 +0100
Processing by NewsController#show as */*
  Parameters: {"id"=>"1"}
Completed 200 OK in 0ms (Views: 0.1ms | Allocations: 114)


Started GET "/news/1" for ::1 at 2022-12-06 23:27:40 +0100
Processing by NewsController#show as */*
  Parameters: {"id"=>"1"}
Completed 200 OK in 0ms (Views: 0.1ms | Allocations: 114)


Started GET "/news/1" for ::1 at 2022-12-06 23:27:43 +0100
Processing by NewsController#show as */*
  Parameters: {"id"=>"1"}
Completed 200 OK in 0ms (Views: 0.2ms | Allocations: 114)


Started GET "/news/1" for ::1 at 2022-12-06 23:27:43 +0100
Processing by NewsController#show as */*
  Parameters: {"id"=>"1"}
Completed 200 OK in 0ms (Views: 0.1ms | Allocations: 114)


Started GET "/news/1" for ::1 at 2022-12-06 23:27:43 +0100
Processing by NewsController#show as */*
  Parameters: {"id"=>"1"}
Completed 200 OK in 0ms (Views: 0.2ms | Allocations: 114)


Started GET "/news/1" for ::1 at 2022-12-06 23:27:44 +0100
Processing by NewsController#show as */*
  Parameters: {"id"=>"1"}
Completed 200 OK in 0ms (Views: 0.1ms | Allocations: 114)


Started GET "/news/1" for ::1 at 2022-12-14 16:05:28 +0100
Processing by NewsController#show as */*
  Parameters: {"id"=>"1"}
Completed 200 OK in 3ms (Views: 0.1ms | ActiveRecord: 0.0ms | Allocations: 2068)


Started GET "/news/1" for ::1 at 2022-12-14 16:05:29 +0100
Processing by NewsController#show as */*
  Parameters: {"id"=>"1"}
Completed 200 OK in 0ms (Views: 0.1ms | ActiveRecord: 0.0ms | Allocations: 127)


Started GET "/news/1" for ::1 at 2022-12-14 16:11:02 +0100
Processing by NewsController#show as */*
  Parameters: {"id"=>"1"}
Completed 200 OK in 0ms (Views: 0.1ms | ActiveRecord: 0.0ms | Allocations: 123)


Started GET "/news/1" for ::1 at 2022-12-14 16:11:02 +0100
Processing by NewsController#show as */*
  Parameters: {"id"=>"1"}
Completed 200 OK in 0ms (Views: 0.1ms | ActiveRecord: 0.0ms | Allocations: 117)


Started GET "/news/1" for ::1 at 2022-12-14 16:13:07 +0100
Processing by NewsController#show as */*
  Parameters: {"id"=>"1"}
Completed 200 OK in 0ms (Views: 0.1ms | Allocations: 116)


Started GET "/news/1" for ::1 at 2022-12-14 16:13:07 +0100
Processing by NewsController#show as */*
  Parameters: {"id"=>"1"}
Completed 200 OK in 0ms (Views: 0.1ms | Allocations: 114)


Started GET "/news/1" for ::1 at 2022-12-14 16:13:56 +0100
Processing by NewsController#show as */*
  Parameters: {"id"=>"1"}
Completed 200 OK in 0ms (Views: 0.1ms | Allocations: 116)


Started GET "/news/1" for ::1 at 2022-12-14 16:15:28 +0100
Processing by NewsController#show as */*
  Parameters: {"id"=>"1"}
Completed 200 OK in 0ms (Views: 0.1ms | Allocations: 114)


Started GET "/news/1" for ::1 at 2022-12-14 16:17:09 +0100
Processing by NewsController#show as */*
  Parameters: {"id"=>"1"}
Completed 200 OK in 0ms (Views: 0.1ms | Allocations: 114)


Started GET "/news/1" for ::1 at 2022-12-14 16:19:32 +0100
Processing by NewsController#show as */*
  Parameters: {"id"=>"1"}
Completed 200 OK in 0ms (Views: 0.2ms | Allocations: 116)


Started GET "/news/1" for ::1 at 2022-12-14 16:19:54 +0100
Processing by NewsController#show as */*
  Parameters: {"id"=>"1"}
Completed 200 OK in 0ms (Views: 0.1ms | Allocations: 114)


Started GET "/news/1" for ::1 at 2022-12-14 16:19:54 +0100
Processing by NewsController#show as */*
  Parameters: {"id"=>"1"}
Completed 200 OK in 0ms (Views: 0.1ms | Allocations: 114)


Started GET "/news/1" for ::1 at 2022-12-14 16:20:19 +0100
Processing by NewsController#show as */*
  Parameters: {"id"=>"1"}
Completed 200 OK in 0ms (Views: 0.1ms | Allocations: 114)


Started GET "/news/1" for ::1 at 2022-12-14 16:20:19 +0100
Processing by NewsController#show as */*
  Parameters: {"id"=>"1"}
Completed 200 OK in 0ms (Views: 0.1ms | Allocations: 115)


Started GET "/news/1" for ::1 at 2022-12-14 16:20:22 +0100
Processing by NewsController#show as */*
  Parameters: {"id"=>"1"}
Completed 200 OK in 0ms (Views: 0.2ms | Allocations: 114)


Started GET "/news/1" for ::1 at 2022-12-14 16:20:22 +0100
Processing by NewsController#show as */*
  Parameters: {"id"=>"1"}
Completed 200 OK in 0ms (Views: 0.0ms | Allocations: 114)


Started GET "/news/1" for ::1 at 2022-12-14 16:20:23 +0100
Processing by NewsController#show as */*
  Parameters: {"id"=>"1"}
Completed 200 OK in 1ms (Views: 0.4ms | Allocations: 114)


Started GET "/news/1" for ::1 at 2022-12-14 16:20:25 +0100
Processing by NewsController#show as */*
  Parameters: {"id"=>"1"}
Completed 200 OK in 1ms (Views: 0.5ms | Allocations: 114)


Started GET "/news/1" for ::1 at 2022-12-14 16:20:29 +0100
Processing by NewsController#show as */*
  Parameters: {"id"=>"1"}
Completed 200 OK in 1ms (Views: 0.2ms | Allocations: 115)


Started GET "/news/1" for ::1 at 2022-12-14 16:20:42 +0100
Processing by NewsController#show as */*
  Parameters: {"id"=>"1"}
Completed 200 OK in 0ms (Views: 0.1ms | Allocations: 114)


Started GET "/news/1" for ::1 at 2022-12-14 16:20:42 +0100
Processing by NewsController#show as */*
  Parameters: {"id"=>"1"}
Completed 200 OK in 0ms (Views: 0.1ms | Allocations: 114)


Started GET "/news/1" for ::1 at 2022-12-14 16:20:47 +0100
Processing by NewsController#show as */*
  Parameters: {"id"=>"1"}
Completed 200 OK in 0ms (Views: 0.1ms | Allocations: 114)


Started GET "/news/1" for ::1 at 2022-12-14 16:20:47 +0100
Processing by NewsController#show as */*
  Parameters: {"id"=>"1"}
Completed 200 OK in 0ms (Views: 0.2ms | Allocations: 114)


Started GET "/news/1" for ::1 at 2022-12-14 16:20:47 +0100
Processing by NewsController#show as */*
  Parameters: {"id"=>"1"}
Completed 200 OK in 0ms (Views: 0.1ms | Allocations: 114)


Started GET "/news/1" for ::1 at 2022-12-14 16:20:49 +0100
Processing by NewsController#show as */*
  Parameters: {"id"=>"1"}
Completed 200 OK in 0ms (Views: 0.1ms | Allocations: 114)


Started GET "/news/1" for ::1 at 2022-12-14 16:21:57 +0100
Processing by NewsController#show as */*
  Parameters: {"id"=>"1"}
Completed 200 OK in 0ms (Views: 0.1ms | Allocations: 114)


Started GET "/news/1" for ::1 at 2022-12-14 16:21:57 +0100
Processing by NewsController#show as */*
  Parameters: {"id"=>"1"}
Completed 200 OK in 0ms (Views: 0.1ms | Allocations: 114)


Started GET "/news/1" for ::1 at 2022-12-14 16:22:00 +0100
Processing by NewsController#show as */*
  Parameters: {"id"=>"1"}
Completed 200 OK in 0ms (Views: 0.1ms | Allocations: 114)


Started GET "/news/1" for ::1 at 2022-12-14 16:22:00 +0100
Processing by NewsController#show as */*
  Parameters: {"id"=>"1"}
Completed 200 OK in 0ms (Views: 0.1ms | Allocations: 114)


Started GET "/news/1" for ::1 at 2022-12-14 16:22:00 +0100
Processing by NewsController#show as */*
  Parameters: {"id"=>"1"}
Completed 200 OK in 0ms (Views: 0.1ms | Allocations: 114)


Started GET "/news/1" for ::1 at 2022-12-14 16:22:00 +0100
Processing by NewsController#show as */*
  Parameters: {"id"=>"1"}
Completed 200 OK in 0ms (Views: 0.1ms | Allocations: 114)


Started GET "/news/1" for ::1 at 2022-12-14 16:22:13 +0100
Processing by NewsController#show as */*
  Parameters: {"id"=>"1"}
Completed 200 OK in 0ms (Views: 0.1ms | Allocations: 114)


Started GET "/news/1" for ::1 at 2022-12-14 16:22:13 +0100
Processing by NewsController#show as */*
  Parameters: {"id"=>"1"}
Completed 200 OK in 0ms (Views: 0.1ms | Allocations: 114)


Started GET "/news/1" for ::1 at 2022-12-14 16:22:13 +0100
Processing by NewsController#show as */*
  Parameters: {"id"=>"1"}
Completed 200 OK in 0ms (Views: 0.1ms | Allocations: 114)


Started GET "/news/1" for ::1 at 2022-12-14 16:22:13 +0100
Processing by NewsController#show as */*
  Parameters: {"id"=>"1"}
Completed 200 OK in 0ms (Views: 0.1ms | Allocations: 114)


Started GET "/news/1" for ::1 at 2022-12-14 16:22:42 +0100
Processing by NewsController#show as */*
  Parameters: {"id"=>"1"}
Completed 200 OK in 0ms (Views: 0.1ms | Allocations: 114)


Started GET "/news/1" for ::1 at 2022-12-14 16:22:42 +0100
Processing by NewsController#show as */*
  Parameters: {"id"=>"1"}
Completed 200 OK in 0ms (Views: 0.1ms | Allocations: 114)


Started GET "/news/1" for ::1 at 2022-12-14 16:22:45 +0100
Processing by NewsController#show as */*
  Parameters: {"id"=>"1"}
Completed 200 OK in 0ms (Views: 0.1ms | Allocations: 114)


Started GET "/news/1" for ::1 at 2022-12-14 16:22:45 +0100
Processing by NewsController#show as */*
  Parameters: {"id"=>"1"}
Completed 200 OK in 0ms (Views: 0.1ms | Allocations: 114)


Started GET "/news/1" for ::1 at 2022-12-14 16:22:45 +0100
Processing by NewsController#show as */*
  Parameters: {"id"=>"1"}
Completed 200 OK in 0ms (Views: 0.1ms | Allocations: 114)


Started GET "/news/1" for ::1 at 2022-12-14 16:22:45 +0100
Processing by NewsController#show as */*
  Parameters: {"id"=>"1"}
Completed 200 OK in 0ms (Views: 0.1ms | Allocations: 114)


Started GET "/news/1" for ::1 at 2022-12-14 16:23:03 +0100
Processing by NewsController#show as */*
  Parameters: {"id"=>"1"}
Completed 200 OK in 0ms (Views: 0.1ms | Allocations: 114)


Started GET "/news/1" for ::1 at 2022-12-14 16:23:03 +0100
Processing by NewsController#show as */*
  Parameters: {"id"=>"1"}
Completed 200 OK in 0ms (Views: 0.1ms | Allocations: 114)


Started GET "/news/1" for ::1 at 2022-12-14 16:23:18 +0100
Processing by NewsController#show as */*
  Parameters: {"id"=>"1"}
Completed 200 OK in 0ms (Views: 0.1ms | Allocations: 114)


Started GET "/news/1" for ::1 at 2022-12-14 16:23:21 +0100
Processing by NewsController#show as */*
  Parameters: {"id"=>"1"}
Completed 200 OK in 0ms (Views: 0.1ms | Allocations: 114)


Started GET "/news/1" for ::1 at 2022-12-14 16:23:50 +0100
Processing by NewsController#show as */*
  Parameters: {"id"=>"1"}
Completed 200 OK in 3ms (Views: 2.9ms | Allocations: 114)


Started GET "/news/1" for ::1 at 2022-12-14 16:25:08 +0100
Processing by NewsController#show as */*
  Parameters: {"id"=>"1"}
Completed 200 OK in 0ms (Views: 0.1ms | Allocations: 114)


Started GET "/news/1" for ::1 at 2022-12-14 16:25:09 +0100
Processing by NewsController#show as */*
  Parameters: {"id"=>"1"}
Completed 200 OK in 1ms (Views: 0.5ms | Allocations: 114)


Started GET "/news/1" for ::1 at 2022-12-14 16:27:58 +0100
Processing by NewsController#show as */*
  Parameters: {"id"=>"1"}
Completed 200 OK in 0ms (Views: 0.1ms | Allocations: 115)


Started GET "/news/1" for ::1 at 2022-12-14 16:28:02 +0100
Processing by NewsController#show as */*
  Parameters: {"id"=>"1"}
Completed 200 OK in 0ms (Views: 0.1ms | Allocations: 114)


Started GET "/news/1" for ::1 at 2022-12-14 16:28:21 +0100
Processing by NewsController#show as */*
  Parameters: {"id"=>"1"}
Completed 200 OK in 0ms (Views: 0.1ms | Allocations: 114)


Started GET "/news/" for ::1 at 2022-12-14 16:28:21 +0100
Processing by NewsController#index as */*
Completed 200 OK in 0ms (Views: 0.1ms | Allocations: 146)


Started GET "/news" for ::1 at 2022-12-14 16:28:23 +0100
Processing by NewsController#index as */*
Completed 200 OK in 1ms (Views: 0.7ms | Allocations: 138)


Started GET "/news" for ::1 at 2022-12-14 16:36:23 +0100
Processing by NewsController#index as */*
Completed 200 OK in 0ms (Views: 0.1ms | Allocations: 139)


Started GET "/news" for ::1 at 2022-12-14 16:54:13 +0100
Processing by NewsController#index as */*
Completed 200 OK in 0ms (Views: 0.1ms | Allocations: 138)


Started GET "/news" for ::1 at 2022-12-19 15:34:20 +0100
Processing by NewsController#index as */*
Completed 200 OK in 2ms (Views: 0.1ms | ActiveRecord: 0.0ms | Allocations: 2078)


Started GET "/news" for ::1 at 2022-12-19 15:35:27 +0100
Processing by NewsController#index as */*
Completed 200 OK in 0ms (Views: 0.1ms | ActiveRecord: 0.0ms | Allocations: 157)


Started GET "/news" for ::1 at 2022-12-19 15:38:30 +0100
Processing by NewsController#index as */*
Completed 200 OK in 0ms (Views: 0.1ms | ActiveRecord: 0.0ms | Allocations: 143)


Started GET "/news" for ::1 at 2022-12-19 15:39:04 +0100
Processing by NewsController#index as */*
Completed 200 OK in 0ms (Views: 0.1ms | ActiveRecord: 0.0ms | Allocations: 143)


Started GET "/news" for ::1 at 2022-12-19 15:40:52 +0100
Processing by NewsController#index as */*
Completed 200 OK in 0ms (Views: 0.1ms | Allocations: 140)


Started GET "/news" for ::1 at 2022-12-19 15:43:29 +0100
Processing by NewsController#index as */*
Completed 200 OK in 0ms (Views: 0.1ms | Allocations: 138)


Started GET "/news" for ::1 at 2022-12-19 15:49:15 +0100
Processing by NewsController#index as */*
Completed 200 OK in 0ms (Views: 0.1ms | Allocations: 138)


Started GET "/news" for ::1 at 2022-12-19 15:49:37 +0100
Processing by NewsController#index as */*
Completed 200 OK in 0ms (Views: 0.1ms | Allocations: 138)


Started GET "/news" for ::1 at 2022-12-19 15:52:22 +0100
Processing by NewsController#index as */*
Completed 200 OK in 0ms (Views: 0.1ms | Allocations: 138)


Started GET "/news" for ::1 at 2022-12-19 15:56:41 +0100
Processing by NewsController#index as */*
Completed 200 OK in 0ms (Views: 0.1ms | Allocations: 138)


Started GET "/news" for ::1 at 2022-12-19 15:59:15 +0100
Processing by NewsController#index as */*
Completed 200 OK in 0ms (Views: 0.1ms | Allocations: 138)


Started GET "/news" for ::1 at 2022-12-19 15:59:24 +0100
Processing by NewsController#index as */*
Completed 200 OK in 0ms (Views: 0.1ms | Allocations: 138)


Started GET "/news" for ::1 at 2022-12-19 15:59:28 +0100
Processing by NewsController#index as */*
Completed 200 OK in 0ms (Views: 0.1ms | Allocations: 139)


Started GET "/news" for ::1 at 2022-12-19 15:59:31 +0100
Processing by NewsController#index as */*
Completed 200 OK in 0ms (Views: 0.1ms | Allocations: 138)


Started GET "/news" for ::1 at 2022-12-19 16:01:55 +0100
Processing by NewsController#index as */*
Completed 200 OK in 0ms (Views: 0.1ms | Allocations: 138)


Started GET "/news" for ::1 at 2022-12-19 16:02:13 +0100
Processing by NewsController#index as */*
Completed 200 OK in 0ms (Views: 0.1ms | Allocations: 138)


Started GET "/news" for ::1 at 2022-12-19 16:02:25 +0100
Processing by NewsController#index as */*
Completed 200 OK in 0ms (Views: 0.1ms | Allocations: 139)


Started GET "/news" for ::1 at 2022-12-19 16:03:22 +0100
Processing by NewsController#index as */*
Completed 200 OK in 0ms (Views: 0.1ms | Allocations: 138)


Started GET "/news" for ::1 at 2022-12-19 16:03:34 +0100
Processing by NewsController#index as */*
Completed 200 OK in 0ms (Views: 0.1ms | Allocations: 138)


Started GET "/news" for ::1 at 2022-12-19 16:03:54 +0100
Processing by NewsController#index as */*
Completed 200 OK in 0ms (Views: 0.1ms | Allocations: 138)


Started GET "/news" for ::1 at 2022-12-19 16:04:26 +0100
Processing by NewsController#index as */*
Completed 200 OK in 0ms (Views: 0.1ms | Allocations: 138)


Started GET "/news" for ::1 at 2022-12-19 16:04:36 +0100
Processing by NewsController#index as */*
Completed 200 OK in 0ms (Views: 0.1ms | Allocations: 138)


Started GET "/news" for ::1 at 2022-12-19 16:04:38 +0100
Processing by NewsController#index as */*
Completed 200 OK in 0ms (Views: 0.1ms | Allocations: 138)


Started GET "/news" for ::1 at 2022-12-19 16:17:56 +0100
Processing by NewsController#index as */*
Completed 200 OK in 0ms (Views: 0.3ms | Allocations: 331)


Started GET "/news" for ::1 at 2022-12-19 16:18:32 +0100
Processing by NewsController#index as */*
Completed 200 OK in 0ms (Views: 0.1ms | Allocations: 191)


Started GET "/news" for ::1 at 2022-12-19 16:18:48 +0100
Processing by NewsController#index as */*
Completed 200 OK in 3ms (Views: 3.0ms | Allocations: 191)


Started GET "/news" for ::1 at 2022-12-19 16:19:12 +0100
Processing by NewsController#index as */*
Completed 200 OK in 0ms (Views: 0.1ms | Allocations: 191)


Started GET "/news" for ::1 at 2022-12-19 16:19:47 +0100
Processing by NewsController#index as */*
Completed 200 OK in 0ms (Views: 0.1ms | Allocations: 191)


Started GET "/news" for ::1 at 2022-12-19 16:20:07 +0100
Processing by NewsController#index as */*
Completed 200 OK in 0ms (Views: 0.2ms | Allocations: 190)


Started GET "/news" for ::1 at 2022-12-19 16:22:02 +0100
Processing by NewsController#index as */*
Completed 200 OK in 0ms (Views: 0.2ms | Allocations: 190)


Started GET "/news" for ::1 at 2022-12-19 16:22:08 +0100
Processing by NewsController#index as */*
Completed 200 OK in 0ms (Views: 0.1ms | Allocations: 190)


Started GET "/news" for ::1 at 2022-12-19 16:22:12 +0100
Processing by NewsController#index as */*
Completed 200 OK in 0ms (Views: 0.2ms | Allocations: 190)


Started GET "/news" for ::1 at 2022-12-19 16:22:12 +0100
Processing by NewsController#index as */*
Completed 200 OK in 0ms (Views: 0.2ms | Allocations: 190)


Started GET "/news" for ::1 at 2022-12-19 16:22:16 +0100
Processing by NewsController#index as */*
Completed 200 OK in 0ms (Views: 0.1ms | Allocations: 190)


Started GET "/news" for ::1 at 2022-12-19 16:22:47 +0100
Processing by NewsController#index as */*
Completed 200 OK in 0ms (Views: 0.1ms | Allocations: 190)


Started GET "/news" for ::1 at 2022-12-19 16:22:51 +0100
Processing by NewsController#index as */*
Completed 200 OK in 0ms (Views: 0.2ms | Allocations: 190)


Started GET "/news" for ::1 at 2022-12-19 16:22:52 +0100
Processing by NewsController#index as */*
Completed 200 OK in 0ms (Views: 0.1ms | Allocations: 190)


Started GET "/news" for ::1 at 2022-12-19 16:22:54 +0100
Processing by NewsController#index as */*
Completed 200 OK in 0ms (Views: 0.1ms | Allocations: 190)


Started GET "/news" for ::1 at 2022-12-19 16:23:05 +0100
Processing by NewsController#index as */*
Completed 200 OK in 0ms (Views: 0.2ms | Allocations: 190)


Started GET "/news" for ::1 at 2022-12-19 16:23:09 +0100
Processing by NewsController#index as */*
Completed 200 OK in 0ms (Views: 0.1ms | Allocations: 190)


Started GET "/news" for ::1 at 2022-12-19 16:23:10 +0100
Processing by NewsController#index as */*
Completed 200 OK in 0ms (Views: 0.1ms | Allocations: 190)


Started GET "/news" for ::1 at 2022-12-19 16:25:06 +0100
Processing by NewsController#index as */*
Completed 200 OK in 0ms (Views: 0.1ms | Allocations: 191)


Started GET "/news" for ::1 at 2022-12-19 16:25:13 +0100
Processing by NewsController#index as */*
Completed 200 OK in 0ms (Views: 0.1ms | Allocations: 190)


Started GET "/news" for ::1 at 2022-12-19 16:25:15 +0100
Processing by NewsController#index as */*
Completed 200 OK in 0ms (Views: 0.3ms | Allocations: 190)


Started GET "/news" for ::1 at 2022-12-19 16:26:30 +0100
Processing by NewsController#index as */*
Completed 200 OK in 0ms (Views: 0.1ms | Allocations: 190)


Started GET "/news" for ::1 at 2022-12-19 16:26:45 +0100
Processing by NewsController#index as */*
Completed 200 OK in 0ms (Views: 0.1ms | Allocations: 190)


Started GET "/news" for ::1 at 2022-12-19 16:26:49 +0100
Processing by NewsController#index as */*
Completed 200 OK in 0ms (Views: 0.1ms | Allocations: 190)


Started GET "/news" for ::1 at 2022-12-19 16:28:32 +0100
Processing by NewsController#index as */*
Completed 200 OK in 0ms (Views: 0.1ms | Allocations: 191)


Started GET "/news" for ::1 at 2022-12-19 16:28:33 +0100
Processing by NewsController#index as */*
Completed 200 OK in 0ms (Views: 0.1ms | Allocations: 190)


Started GET "/news" for ::1 at 2022-12-19 16:28:39 +0100
Processing by NewsController#index as */*
Completed 200 OK in 0ms (Views: 0.1ms | Allocations: 190)


Started GET "/news" for ::1 at 2022-12-19 16:28:42 +0100
Processing by NewsController#index as */*
Completed 200 OK in 0ms (Views: 0.2ms | Allocations: 190)


Started GET "/news" for ::1 at 2022-12-19 16:29:10 +0100
Processing by NewsController#index as */*
Completed 200 OK in 0ms (Views: 0.1ms | Allocations: 190)


Started GET "/news" for ::1 at 2022-12-19 16:29:29 +0100
Processing by NewsController#index as */*
Completed 200 OK in 0ms (Views: 0.2ms | Allocations: 190)


Started GET "/news" for ::1 at 2022-12-19 16:29:45 +0100
Processing by NewsController#index as */*
Completed 200 OK in 0ms (Views: 0.1ms | Allocations: 190)


Started GET "/news" for ::1 at 2022-12-19 16:29:57 +0100
Processing by NewsController#index as */*
Completed 200 OK in 0ms (Views: 0.1ms | Allocations: 190)


Started GET "/news" for ::1 at 2022-12-19 16:30:29 +0100
Processing by NewsController#index as */*
Completed 200 OK in 0ms (Views: 0.1ms | Allocations: 190)


Started GET "/news" for ::1 at 2022-12-19 16:31:21 +0100
Processing by NewsController#index as */*
Completed 200 OK in 0ms (Views: 0.1ms | Allocations: 190)


Started GET "/news" for ::1 at 2022-12-19 16:45:54 +0100
Processing by NewsController#index as */*
Completed 200 OK in 0ms (Views: 0.1ms | Allocations: 190)


Started GET "/news" for ::1 at 2022-12-19 16:45:59 +0100
Processing by NewsController#index as */*
Completed 200 OK in 0ms (Views: 0.2ms | Allocations: 190)


Started GET "/news" for ::1 at 2022-12-19 17:06:56 +0100
Processing by NewsController#index as */*
Completed 200 OK in 0ms (Views: 0.1ms | Allocations: 190)


Started GET "/news" for ::1 at 2022-12-20 09:29:02 +0100
Processing by NewsController#index as */*
Completed 200 OK in 0ms (Views: 0.1ms | Allocations: 191)


Started GET "/news" for ::1 at 2022-12-20 15:02:32 +0100
Processing by NewsController#index as */*
Completed 200 OK in 3ms (Views: 0.4ms | ActiveRecord: 0.0ms | Allocations: 2141)


Started GET "/news" for ::1 at 2022-12-20 15:03:04 +0100
Processing by NewsController#index as */*
Completed 200 OK in 0ms (Views: 0.1ms | ActiveRecord: 0.0ms | Allocations: 210)


Started GET "/news" for ::1 at 2022-12-20 15:03:32 +0100
Processing by NewsController#index as */*
Completed 200 OK in 0ms (Views: 0.1ms | ActiveRecord: 0.0ms | Allocations: 196)


Started GET "/news" for ::1 at 2022-12-20 15:03:33 +0100
Processing by NewsController#index as */*
Completed 200 OK in 0ms (Views: 0.1ms | ActiveRecord: 0.0ms | Allocations: 196)


Started GET "/news" for ::1 at 2022-12-20 15:04:21 +0100
Processing by NewsController#index as */*
Completed 200 OK in 0ms (Views: 0.1ms | ActiveRecord: 0.0ms | Allocations: 193)


Started GET "/news" for ::1 at 2022-12-20 15:05:48 +0100
Processing by NewsController#index as */*
Completed 200 OK in 0ms (Views: 0.1ms | ActiveRecord: 0.0ms | Allocations: 193)


Started GET "/news" for ::1 at 2022-12-20 15:08:21 +0100
Processing by NewsController#index as */*
Completed 200 OK in 0ms (Views: 0.2ms | ActiveRecord: 0.0ms | Allocations: 196)


Started GET "/news" for ::1 at 2022-12-20 15:08:31 +0100
Processing by NewsController#index as */*
Completed 200 OK in 0ms (Views: 0.1ms | ActiveRecord: 0.0ms | Allocations: 193)


Started GET "/news" for ::1 at 2022-12-20 15:08:35 +0100
Processing by NewsController#index as */*
Completed 200 OK in 0ms (Views: 0.2ms | Allocations: 190)


Started GET "/news" for ::1 at 2022-12-20 15:08:36 +0100
Processing by NewsController#index as */*
Completed 200 OK in 0ms (Views: 0.2ms | Allocations: 190)


Started GET "/news" for ::1 at 2022-12-20 15:09:07 +0100
Processing by NewsController#index as */*
Completed 200 OK in 0ms (Views: 0.1ms | Allocations: 190)


Started GET "/news" for ::1 at 2022-12-20 15:09:07 +0100
Processing by NewsController#index as */*
Completed 200 OK in 0ms (Views: 0.1ms | Allocations: 190)


Started GET "/news" for ::1 at 2022-12-20 15:09:25 +0100
Processing by NewsController#index as */*
Completed 200 OK in 0ms (Views: 0.1ms | Allocations: 190)


Started GET "/news" for ::1 at 2022-12-20 15:12:03 +0100
Processing by NewsController#index as */*
Completed 200 OK in 7ms (Views: 7.0ms | Allocations: 191)


Started GET "/news" for ::1 at 2022-12-20 15:12:38 +0100
Processing by NewsController#index as */*
Completed 200 OK in 0ms (Views: 0.1ms | Allocations: 190)


Started GET "/news" for ::1 at 2022-12-20 15:12:53 +0100
Processing by NewsController#index as */*
Completed 200 OK in 0ms (Views: 0.1ms | Allocations: 190)


Started GET "/news" for ::1 at 2022-12-20 15:12:55 +0100
Processing by NewsController#index as */*
Completed 200 OK in 0ms (Views: 0.1ms | Allocations: 191)


Started GET "/news" for ::1 at 2022-12-20 15:13:21 +0100
Processing by NewsController#index as */*
Completed 200 OK in 0ms (Views: 0.1ms | Allocations: 190)


Started GET "/news" for ::1 at 2022-12-20 15:13:26 +0100
Processing by NewsController#index as */*
Completed 200 OK in 0ms (Views: 0.1ms | Allocations: 190)


Started GET "/news" for ::1 at 2022-12-20 15:14:29 +0100
Processing by NewsController#index as */*
Completed 200 OK in 0ms (Views: 0.1ms | Allocations: 190)


Started GET "/news" for ::1 at 2022-12-20 15:14:39 +0100
Processing by NewsController#index as */*
Completed 200 OK in 0ms (Views: 0.1ms | Allocations: 190)


Started GET "/news" for ::1 at 2022-12-20 15:14:39 +0100
Processing by NewsController#index as */*
Completed 200 OK in 0ms (Views: 0.1ms | Allocations: 190)


Started GET "/news" for ::1 at 2022-12-20 15:14:45 +0100
Processing by NewsController#index as */*
Completed 200 OK in 0ms (Views: 0.1ms | Allocations: 190)


Started GET "/news" for ::1 at 2022-12-20 15:18:19 +0100
Processing by NewsController#index as */*
Completed 200 OK in 0ms (Views: 0.1ms | Allocations: 190)


Started GET "/news" for ::1 at 2022-12-20 15:18:31 +0100
Processing by NewsController#index as */*
Completed 200 OK in 0ms (Views: 0.1ms | Allocations: 190)


Started GET "/news" for ::1 at 2022-12-20 15:19:52 +0100
Processing by NewsController#index as */*
Completed 200 OK in 0ms (Views: 0.1ms | Allocations: 190)


Started GET "/news" for ::1 at 2022-12-20 15:20:03 +0100
Processing by NewsController#index as */*
Completed 200 OK in 0ms (Views: 0.1ms | Allocations: 190)


Started GET "/news" for ::1 at 2022-12-20 15:20:15 +0100
Processing by NewsController#index as */*
Completed 200 OK in 0ms (Views: 0.1ms | Allocations: 190)


Started GET "/news" for ::1 at 2022-12-20 15:20:45 +0100
Processing by NewsController#index as */*
Completed 200 OK in 0ms (Views: 0.1ms | Allocations: 190)


Started GET "/news" for ::1 at 2022-12-20 15:21:25 +0100
Processing by NewsController#index as */*
Completed 200 OK in 0ms (Views: 0.1ms | Allocations: 190)


Started GET "/news" for ::1 at 2022-12-20 15:21:25 +0100
Processing by NewsController#index as */*
Completed 200 OK in 0ms (Views: 0.1ms | Allocations: 190)


Started GET "/news" for ::1 at 2022-12-20 15:22:08 +0100
Processing by NewsController#index as */*
Completed 200 OK in 0ms (Views: 0.1ms | Allocations: 190)


Started GET "/news" for ::1 at 2022-12-20 15:22:13 +0100
Processing by NewsController#index as */*
Completed 200 OK in 0ms (Views: 0.1ms | Allocations: 190)


Started GET "/news" for ::1 at 2022-12-20 15:22:17 +0100
Processing by NewsController#index as */*
Completed 200 OK in 0ms (Views: 0.1ms | Allocations: 190)


Started GET "/news" for ::1 at 2022-12-20 15:22:17 +0100
Processing by NewsController#index as */*
Completed 200 OK in 0ms (Views: 0.1ms | Allocations: 190)


Started GET "/news" for ::1 at 2022-12-20 15:24:06 +0100
Processing by NewsController#index as */*
Completed 200 OK in 0ms (Views: 0.1ms | Allocations: 190)


Started GET "/news" for ::1 at 2022-12-20 15:24:11 +0100
Processing by NewsController#index as */*
Completed 200 OK in 0ms (Views: 0.3ms | Allocations: 190)


Started GET "/news" for ::1 at 2022-12-20 15:24:22 +0100
Processing by NewsController#index as */*
Completed 200 OK in 0ms (Views: 0.1ms | Allocations: 190)


Started GET "/news" for ::1 at 2022-12-20 15:24:27 +0100
Processing by NewsController#index as */*
Completed 200 OK in 0ms (Views: 0.1ms | Allocations: 190)


Started GET "/news" for ::1 at 2022-12-20 15:24:27 +0100
Processing by NewsController#index as */*
Completed 200 OK in 0ms (Views: 0.1ms | Allocations: 190)


Started GET "/news" for ::1 at 2022-12-20 15:25:12 +0100
Processing by NewsController#index as */*
Completed 200 OK in 0ms (Views: 0.3ms | Allocations: 323)


Started GET "/news" for ::1 at 2022-12-20 15:25:12 +0100
Processing by NewsController#index as */*
Completed 200 OK in 0ms (Views: 0.1ms | Allocations: 190)


Started GET "/news" for ::1 at 2022-12-20 15:25:28 +0100
Processing by NewsController#index as */*
Completed 200 OK in 0ms (Views: 0.1ms | Allocations: 191)


Started GET "/news" for ::1 at 2022-12-20 15:27:53 +0100
Processing by NewsController#index as */*
Completed 200 OK in 0ms (Views: 0.1ms | Allocations: 190)


Started GET "/news" for ::1 at 2022-12-20 15:52:59 +0100
Processing by NewsController#index as */*
Completed 200 OK in 3ms (Views: 0.2ms | ActiveRecord: 0.0ms | Allocations: 2142)


Started POST "/news" for ::1 at 2022-12-20 15:58:13 +0100
  
ActionController::RoutingError (No route matches [POST] "/news"):
  
Started POST "/news" for ::1 at 2022-12-20 15:59:25 +0100
Processing by NewsController#create as */*
Completed 204 No Content in 3ms (ActiveRecord: 0.0ms | Allocations: 2243)


Started POST "/news" for ::1 at 2022-12-20 16:01:06 +0100
Processing by NewsController#create as */*
Completed 500 Internal Server Error in 9ms (Allocations: 2352)


  
NameError (undefined local variable or method `body' for #<NewsController:0x0000000000b568>

    puts body
         ^^^^):
  
app/controllers/news_controller.rb:13:in `create'
Started POST "/news" for ::1 at 2022-12-20 16:01:33 +0100
Processing by NewsController#create as */*
Completed 204 No Content in 0ms (Allocations: 106)


